2025-11-06 22:10:42,892 INFO o.a.j.u.JMeterUtils: Setting Locale to en_EN
2025-11-06 22:10:42,916 INFO o.a.j.JMeter: Loading user properties from: C:\Users\quang\Downloads\apache-jmeter-5.6.3\apache-jmeter-5.6.3\bin\user.properties
2025-11-06 22:10:42,917 INFO o.a.j.JMeter: Loading system properties from: C:\Users\quang\Downloads\apache-jmeter-5.6.3\apache-jmeter-5.6.3\bin\system.properties
2025-11-06 22:10:42,918 INFO o.a.j.JMeter: Setting JMeter property: jmeter=.save.saveservice.output_format=csv
2025-11-06 22:10:42,918 INFO o.a.j.JMeter: Setting JMeter property: jmeter=.save.saveservice.print_field_names=true
2025-11-06 22:10:42,928 INFO o.a.j.JMeter: Copyright (c) 1998-2024 The Apache Software Foundation
2025-11-06 22:10:42,928 INFO o.a.j.JMeter: Version 5.6.3
2025-11-06 22:10:42,929 INFO o.a.j.JMeter: java.version=25
2025-11-06 22:10:42,929 INFO o.a.j.JMeter: java.vm.name=Java HotSpot(TM) 64-Bit Server VM
2025-11-06 22:10:42,929 INFO o.a.j.JMeter: os.name=Windows 11
2025-11-06 22:10:42,929 INFO o.a.j.JMeter: os.arch=amd64
2025-11-06 22:10:42,929 INFO o.a.j.JMeter: os.version=10.0
2025-11-06 22:10:42,929 INFO o.a.j.JMeter: file.encoding=UTF-8
2025-11-06 22:10:42,929 INFO o.a.j.JMeter: java.awt.headless=true
2025-11-06 22:10:42,929 INFO o.a.j.JMeter: Max memory     =1073741824
2025-11-06 22:10:42,929 INFO o.a.j.JMeter: Available Processors =4
2025-11-06 22:10:42,947 INFO o.a.j.JMeter: Default Locale=English (EN)
2025-11-06 22:10:42,948 INFO o.a.j.JMeter: JMeter  Locale=English (EN)
2025-11-06 22:10:42,948 INFO o.a.j.JMeter: JMeterHome=C:\Users\quang\Downloads\apache-jmeter-5.6.3\apache-jmeter-5.6.3
2025-11-06 22:10:42,948 INFO o.a.j.JMeter: user.dir  =C:\Users\quang\OneDrive\Documents\duan\Soft_Archi\VolunteerHub2
2025-11-06 22:10:42,948 INFO o.a.j.JMeter: PWD       =C:\Users\quang\OneDrive\Documents\duan\Soft_Archi\VolunteerHub2
2025-11-06 22:10:42,950 INFO o.a.j.JMeter: IP: 192.168.51.2 Name: Javis FullName: Javis
2025-11-06 22:10:42,962 INFO o.a.j.JMeter: Setting property 'jmeter.reportgenerator.outputdir' to:'C:\Users\quang\OneDrive\Documents\duan\Soft_Archi\VolunteerHub2\results\baseline-report'
2025-11-06 22:10:42,965 INFO o.a.j.s.FileServer: Default base='C:\Users\quang\OneDrive\Documents\duan\Soft_Archi\VolunteerHub2'
2025-11-06 22:10:42,966 INFO o.a.j.s.FileServer: Set new base='C:\Users\quang\OneDrive\Documents\duan\Soft_Archi\VolunteerHub2\results'
2025-11-06 22:10:43,344 INFO o.a.j.s.SaveService: Testplan (JMX) version: 2.2. Testlog (JTL) version: 2.2
2025-11-06 22:10:43,367 INFO o.a.j.s.SaveService: Using SaveService properties version 5.0
2025-11-06 22:10:43,371 INFO o.a.j.s.SaveService: Using SaveService properties file encoding UTF-8
2025-11-06 22:10:43,376 INFO o.a.j.s.SaveService: Loading file: results\loadtest.jmx
2025-11-06 22:10:43,414 INFO o.a.j.p.h.c.CookieManager: Settings: Delete null: true Check: true Allow variable: true Save: false Prefix: COOKIE_
2025-11-06 22:10:43,441 INFO o.a.j.p.h.s.HTTPSamplerBase: Parser for text/html is org.apache.jmeter.protocol.http.parser.LagartoBasedHtmlParser
2025-11-06 22:10:43,441 INFO o.a.j.p.h.s.HTTPSamplerBase: Parser for application/xhtml+xml is org.apache.jmeter.protocol.http.parser.LagartoBasedHtmlParser
2025-11-06 22:10:43,441 INFO o.a.j.p.h.s.HTTPSamplerBase: Parser for application/xml is org.apache.jmeter.protocol.http.parser.LagartoBasedHtmlParser
2025-11-06 22:10:43,441 INFO o.a.j.p.h.s.HTTPSamplerBase: Parser for text/xml is org.apache.jmeter.protocol.http.parser.LagartoBasedHtmlParser
2025-11-06 22:10:43,441 INFO o.a.j.p.h.s.HTTPSamplerBase: Parser for text/vnd.wap.wml is org.apache.jmeter.protocol.http.parser.RegexpHTMLParser
2025-11-06 22:10:43,441 INFO o.a.j.p.h.s.HTTPSamplerBase: Parser for text/css is org.apache.jmeter.protocol.http.parser.CssParser
2025-11-06 22:10:43,523 INFO o.a.j.JMeter: Creating summariser <summary>
2025-11-06 22:10:43,527 INFO o.a.j.r.d.ReportGenerator: ReportGenerator will use for Parsing the separator: ','
2025-11-06 22:10:43,528 INFO o.a.j.r.d.ReportGenerator: Will generate report at end of test from  results file: results\baseline.jtl
2025-11-06 22:10:43,529 INFO o.a.j.r.d.ReportGenerator: Reading report generator properties from: C:\Users\quang\Downloads\apache-jmeter-5.6.3\apache-jmeter-5.6.3\bin\reportgenerator.properties
2025-11-06 22:10:43,531 INFO o.a.j.r.d.ReportGenerator: Merging with JMeter properties
2025-11-06 22:10:43,534 INFO o.a.j.r.c.ReportGeneratorConfiguration: Property 'jmeter.reportgenerator.temp_dir' not found, using default value 'temp' instead.
2025-11-06 22:10:43,538 INFO o.a.j.r.c.ReportGeneratorConfiguration: Property 'jmeter.reportgenerator.apdex_per_transaction' not found, using default value 'null' instead.
2025-11-06 22:10:43,538 INFO o.a.j.r.c.ReportGeneratorConfiguration: apdex_per_transaction is empty, not APDEX per transaction customization
2025-11-06 22:10:43,538 INFO o.a.j.r.c.ReportGeneratorConfiguration: Property 'jmeter.reportgenerator.sample_filter' not found, using default value 'null' instead.
2025-11-06 22:10:43,538 INFO o.a.j.r.c.ReportGeneratorConfiguration: Property 'jmeter.reportgenerator.report_title' not found, using default value 'null' instead.
2025-11-06 22:10:43,538 INFO o.a.j.r.c.ReportGeneratorConfiguration: Property 'jmeter.reportgenerator.start_date' not found, using default value 'null' instead.
2025-11-06 22:10:43,538 INFO o.a.j.r.c.ReportGeneratorConfiguration: Property 'jmeter.reportgenerator.end_date' not found, using default value 'null' instead.
2025-11-06 22:10:43,538 INFO o.a.j.r.c.ReportGeneratorConfiguration: Property 'jmeter.reportgenerator.date_format' not found, using default value 'null' instead.
2025-11-06 22:10:43,539 INFO o.a.j.r.c.ReportGeneratorConfiguration: Will use date range start date: null, end date: null
2025-11-06 22:10:43,544 INFO o.a.j.r.c.ReportGeneratorConfiguration: Property 'jmeter.reportgenerator.graph.totalTPS.exclude_controllers' not found, using default value 'false' instead.
2025-11-06 22:10:43,544 INFO o.a.j.r.c.ReportGeneratorConfiguration: Property 'jmeter.reportgenerator.graph.activeThreadsOverTime.exclude_controllers' not found, using default value 'false' instead.
2025-11-06 22:10:43,544 INFO o.a.j.r.c.ReportGeneratorConfiguration: Property 'jmeter.reportgenerator.graph.timeVsThreads.exclude_controllers' not found, using default value 'false' instead.
2025-11-06 22:10:43,545 INFO o.a.j.r.c.ReportGeneratorConfiguration: Property 'jmeter.reportgenerator.graph.responseTimeDistribution.exclude_controllers' not found, using default value 'false' instead.
2025-11-06 22:10:43,545 INFO o.a.j.r.c.ReportGeneratorConfiguration: Property 'jmeter.reportgenerator.graph.transactionsPerSecond.exclude_controllers' not found, using default value 'false' instead.
2025-11-06 22:10:43,545 INFO o.a.j.r.c.ReportGeneratorConfiguration: Property 'jmeter.reportgenerator.graph.responseTimePercentiles.exclude_controllers' not found, using default value 'false' instead.
2025-11-06 22:10:43,545 INFO o.a.j.r.c.ReportGeneratorConfiguration: Property 'jmeter.reportgenerator.graph.responseTimePercentilesOverTime.exclude_controllers' not found, using default value 'false' instead.
2025-11-06 22:10:43,545 INFO o.a.j.r.c.ReportGeneratorConfiguration: Property 'jmeter.reportgenerator.graph.responseTimesOverTime.exclude_controllers' not found, using default value 'false' instead.
2025-11-06 22:10:43,546 INFO o.a.j.r.c.ReportGeneratorConfiguration: Property 'jmeter.reportgenerator.graph.connectTimeOverTime.exclude_controllers' not found, using default value 'false' instead.
2025-11-06 22:10:43,546 INFO o.a.j.r.c.ReportGeneratorConfiguration: Property 'jmeter.reportgenerator.graph.latenciesOverTime.exclude_controllers' not found, using default value 'false' instead.
2025-11-06 22:10:43,547 INFO o.a.j.r.c.ReportGeneratorConfiguration: Property 'jmeter.reportgenerator.exporter.json.filters_only_sample_series' not found, using default value 'true' instead.
2025-11-06 22:10:43,547 INFO o.a.j.r.c.ReportGeneratorConfiguration: Property 'jmeter.reportgenerator.exporter.json.series_filter' not found, using default value '' instead.
2025-11-06 22:10:43,547 INFO o.a.j.r.c.ReportGeneratorConfiguration: Property 'jmeter.reportgenerator.exporter.json.show_controllers_only' not found, using default value 'false' instead.
2025-11-06 22:10:43,548 INFO o.a.j.r.c.ReportGeneratorConfiguration: Property 'jmeter.reportgenerator.exporter.html.filters_only_sample_series' not found, using default value 'true' instead.
2025-11-06 22:10:43,548 INFO o.a.j.r.c.ReportGeneratorConfiguration: Property 'jmeter.reportgenerator.exporter.html.series_filter' not found, using default value '' instead.
2025-11-06 22:10:43,548 INFO o.a.j.r.c.ReportGeneratorConfiguration: Property 'jmeter.reportgenerator.exporter.html.show_controllers_only' not found, using default value 'false' instead.
2025-11-06 22:10:43,566 INFO o.a.j.e.StandardJMeterEngine: Running the test!
2025-11-06 22:10:43,567 INFO o.a.j.s.SampleEvent: List of sample_variables: []
2025-11-06 22:10:43,567 INFO o.a.j.s.SampleEvent: List of sample_variables: []
2025-11-06 22:10:43,574 INFO o.a.j.e.u.CompoundVariable: Note: Function class names must contain the string: '.functions.'
2025-11-06 22:10:43,574 INFO o.a.j.e.u.CompoundVariable: Note: Function class names must not contain the string: '.gui.'
2025-11-06 22:10:43,935 INFO o.a.j.JMeter: Running test (1762441843935)
2025-11-06 22:10:43,960 INFO o.a.j.e.StandardJMeterEngine: Starting ThreadGroup: 1 : 01_JWT_Login
2025-11-06 22:10:43,961 INFO o.a.j.e.StandardJMeterEngine: Starting 2 threads for group 01_JWT_Login.
2025-11-06 22:10:43,961 INFO o.a.j.e.StandardJMeterEngine: Thread will continue on error
2025-11-06 22:10:43,961 INFO o.a.j.t.ThreadGroup: Starting thread group... number=1 threads=2 ramp-up=30 delayedStart=false
2025-11-06 22:10:43,968 INFO o.a.j.t.ThreadGroup: Started thread group number 1
2025-11-06 22:10:43,968 INFO o.a.j.e.StandardJMeterEngine: Waiting for thread group: 01_JWT_Login to finish before starting next group
2025-11-06 22:10:43,979 INFO o.a.j.t.JMeterThread: Thread started: 01_JWT_Login 1-1
2025-11-06 22:10:43,981 INFO o.a.j.s.FileServer: Stored: C:/Users/quang/OneDrive/Documents/duan/Soft_Archi/VolunteerHub2/test/post.csv
2025-11-06 22:10:44,016 INFO o.a.j.p.h.s.HTTPHCAbstractImpl: Local host = Javis
2025-11-06 22:10:44,023 INFO o.a.j.p.h.s.HTTPHC4Impl: HTTP request retry count = 0
2025-11-06 22:10:44,025 INFO o.a.j.s.SampleResult: Note: Sample TimeStamps are START times
2025-11-06 22:10:44,025 INFO o.a.j.s.SampleResult: sampleresult.default.encoding is set to UTF-8
2025-11-06 22:10:44,025 INFO o.a.j.s.SampleResult: sampleresult.useNanoTime=true
2025-11-06 22:10:44,025 INFO o.a.j.s.SampleResult: sampleresult.nanoThreadSleep=5000
2025-11-06 22:10:44,908 INFO o.a.j.t.JMeterThread: Thread is done: 01_JWT_Login 1-1
2025-11-06 22:10:44,908 INFO o.a.j.t.JMeterThread: Thread finished: 01_JWT_Login 1-1
2025-11-06 22:10:58,974 INFO o.a.j.t.JMeterThread: Thread started: 01_JWT_Login 1-2
2025-11-06 22:10:58,991 INFO o.a.j.t.JMeterThread: Thread is done: 01_JWT_Login 1-2
2025-11-06 22:10:58,991 INFO o.a.j.t.JMeterThread: Thread finished: 01_JWT_Login 1-2
2025-11-06 22:10:58,991 INFO o.a.j.e.StandardJMeterEngine: Starting ThreadGroup: 2 : 02_Read_Endpoints
2025-11-06 22:10:58,992 INFO o.a.j.e.StandardJMeterEngine: Starting 100 threads for group 02_Read_Endpoints.
2025-11-06 22:10:58,992 INFO o.a.j.e.StandardJMeterEngine: Thread will continue on error
2025-11-06 22:10:58,992 INFO o.a.j.t.ThreadGroup: Starting thread group... number=2 threads=100 ramp-up=30 delayedStart=false
2025-11-06 22:10:59,047 INFO o.a.j.t.ThreadGroup: Started thread group number 2
2025-11-06 22:10:59,047 INFO o.a.j.e.StandardJMeterEngine: Waiting for thread group: 02_Read_Endpoints to finish before starting next group
2025-11-06 22:11:28,993 INFO o.a.j.t.JMeterThread: Thread started: 02_Read_Endpoints 2-1
2025-11-06 22:11:29,293 INFO o.a.j.t.JMeterThread: Thread started: 02_Read_Endpoints 2-2
2025-11-06 22:11:29,593 INFO o.a.j.t.JMeterThread: Thread started: 02_Read_Endpoints 2-3
2025-11-06 22:11:29,892 INFO o.a.j.t.JMeterThread: Thread started: 02_Read_Endpoints 2-4
2025-11-06 22:11:30,052 INFO o.a.j.r.Summariser: summary +      6 in 00:00:46 =    0.1/s Avg:    32 Min:    11 Max:    52 Err:     0 (0.00%) Active: 4 Started: 6 Finished: 2
2025-11-06 22:11:30,193 INFO o.a.j.t.JMeterThread: Thread started: 02_Read_Endpoints 2-5
2025-11-06 22:11:30,466 INFO o.a.j.t.JMeterThread: Thread is done: 02_Read_Endpoints 2-1
2025-11-06 22:11:30,466 INFO o.a.j.t.JMeterThread: Thread finished: 02_Read_Endpoints 2-1
2025-11-06 22:11:30,492 INFO o.a.j.t.JMeterThread: Thread started: 02_Read_Endpoints 2-6
2025-11-06 22:11:30,765 INFO o.a.j.t.JMeterThread: Thread is done: 02_Read_Endpoints 2-2
2025-11-06 22:11:30,765 INFO o.a.j.t.JMeterThread: Thread finished: 02_Read_Endpoints 2-2
2025-11-06 22:11:30,794 INFO o.a.j.t.JMeterThread: Thread started: 02_Read_Endpoints 2-7
2025-11-06 22:11:30,971 INFO o.a.j.t.JMeterThread: Thread is done: 02_Read_Endpoints 2-3
2025-11-06 22:11:30,971 INFO o.a.j.t.JMeterThread: Thread finished: 02_Read_Endpoints 2-3
2025-11-06 22:11:31,092 INFO o.a.j.t.JMeterThread: Thread started: 02_Read_Endpoints 2-8
2025-11-06 22:11:31,367 INFO o.a.j.t.JMeterThread: Thread is done: 02_Read_Endpoints 2-4
2025-11-06 22:11:31,367 INFO o.a.j.t.JMeterThread: Thread finished: 02_Read_Endpoints 2-4
2025-11-06 22:11:31,392 INFO o.a.j.t.JMeterThread: Thread started: 02_Read_Endpoints 2-9
2025-11-06 22:11:31,581 INFO o.a.j.t.JMeterThread: Thread is done: 02_Read_Endpoints 2-5
2025-11-06 22:11:31,581 INFO o.a.j.t.JMeterThread: Thread finished: 02_Read_Endpoints 2-5
2025-11-06 22:11:31,692 INFO o.a.j.t.JMeterThread: Thread started: 02_Read_Endpoints 2-10
2025-11-06 22:11:31,867 INFO o.a.j.t.JMeterThread: Thread is done: 02_Read_Endpoints 2-6
2025-11-06 22:11:31,867 INFO o.a.j.t.JMeterThread: Thread finished: 02_Read_Endpoints 2-6
2025-11-06 22:11:31,994 INFO o.a.j.t.JMeterThread: Thread started: 02_Read_Endpoints 2-11
2025-11-06 22:11:32,210 INFO o.a.j.t.JMeterThread: Thread is done: 02_Read_Endpoints 2-7
2025-11-06 22:11:32,211 INFO o.a.j.t.JMeterThread: Thread finished: 02_Read_Endpoints 2-7
2025-11-06 22:11:32,292 INFO o.a.j.t.JMeterThread: Thread started: 02_Read_Endpoints 2-12
2025-11-06 22:11:32,521 INFO o.a.j.t.JMeterThread: Thread is done: 02_Read_Endpoints 2-8
2025-11-06 22:11:32,521 INFO o.a.j.t.JMeterThread: Thread finished: 02_Read_Endpoints 2-8
2025-11-06 22:11:32,592 INFO o.a.j.t.JMeterThread: Thread started: 02_Read_Endpoints 2-13
2025-11-06 22:11:32,787 INFO o.a.j.t.JMeterThread: Thread is done: 02_Read_Endpoints 2-9
2025-11-06 22:11:32,787 INFO o.a.j.t.JMeterThread: Thread finished: 02_Read_Endpoints 2-9
2025-11-06 22:11:32,892 INFO o.a.j.t.JMeterThread: Thread started: 02_Read_Endpoints 2-14
2025-11-06 22:11:33,121 INFO o.a.j.t.JMeterThread: Thread is done: 02_Read_Endpoints 2-10
2025-11-06 22:11:33,121 INFO o.a.j.t.JMeterThread: Thread finished: 02_Read_Endpoints 2-10
2025-11-06 22:11:33,192 INFO o.a.j.t.JMeterThread: Thread started: 02_Read_Endpoints 2-15
2025-11-06 22:11:33,471 INFO o.a.j.t.JMeterThread: Thread is done: 02_Read_Endpoints 2-11
2025-11-06 22:11:33,471 INFO o.a.j.t.JMeterThread: Thread finished: 02_Read_Endpoints 2-11
2025-11-06 22:11:33,492 INFO o.a.j.t.JMeterThread: Thread started: 02_Read_Endpoints 2-16
2025-11-06 22:11:33,745 INFO o.a.j.t.JMeterThread: Thread is done: 02_Read_Endpoints 2-12
2025-11-06 22:11:33,745 INFO o.a.j.t.JMeterThread: Thread finished: 02_Read_Endpoints 2-12
2025-11-06 22:11:33,792 INFO o.a.j.t.JMeterThread: Thread started: 02_Read_Endpoints 2-17
2025-11-06 22:11:34,035 INFO o.a.j.t.JMeterThread: Thread is done: 02_Read_Endpoints 2-13
2025-11-06 22:11:34,036 INFO o.a.j.t.JMeterThread: Thread finished: 02_Read_Endpoints 2-13
2025-11-06 22:11:34,093 INFO o.a.j.t.JMeterThread: Thread started: 02_Read_Endpoints 2-18
2025-11-06 22:11:34,381 INFO o.a.j.t.JMeterThread: Thread is done: 02_Read_Endpoints 2-14
2025-11-06 22:11:34,381 INFO o.a.j.t.JMeterThread: Thread finished: 02_Read_Endpoints 2-14
2025-11-06 22:11:34,393 INFO o.a.j.t.JMeterThread: Thread started: 02_Read_Endpoints 2-19
2025-11-06 22:11:34,620 INFO o.a.j.t.JMeterThread: Thread is done: 02_Read_Endpoints 2-15
2025-11-06 22:11:34,621 INFO o.a.j.t.JMeterThread: Thread finished: 02_Read_Endpoints 2-15
2025-11-06 22:11:34,694 INFO o.a.j.t.JMeterThread: Thread started: 02_Read_Endpoints 2-20
2025-11-06 22:11:34,993 INFO o.a.j.t.JMeterThread: Thread started: 02_Read_Endpoints 2-21
2025-11-06 22:11:35,014 INFO o.a.j.t.JMeterThread: Thread is done: 02_Read_Endpoints 2-16
2025-11-06 22:11:35,014 INFO o.a.j.t.JMeterThread: Thread finished: 02_Read_Endpoints 2-16
2025-11-06 22:11:35,211 INFO o.a.j.t.JMeterThread: Thread is done: 02_Read_Endpoints 2-17
2025-11-06 22:11:35,211 INFO o.a.j.t.JMeterThread: Thread finished: 02_Read_Endpoints 2-17
2025-11-06 22:11:35,296 INFO o.a.j.t.JMeterThread: Thread started: 02_Read_Endpoints 2-22
2025-11-06 22:11:35,493 INFO o.a.j.t.JMeterThread: Thread is done: 02_Read_Endpoints 2-18
2025-11-06 22:11:35,493 INFO o.a.j.t.JMeterThread: Thread finished: 02_Read_Endpoints 2-18
2025-11-06 22:11:35,593 INFO o.a.j.t.JMeterThread: Thread started: 02_Read_Endpoints 2-23
2025-11-06 22:11:35,799 INFO o.a.j.t.JMeterThread: Thread is done: 02_Read_Endpoints 2-19
2025-11-06 22:11:35,799 INFO o.a.j.t.JMeterThread: Thread finished: 02_Read_Endpoints 2-19
2025-11-06 22:11:35,894 INFO o.a.j.t.JMeterThread: Thread started: 02_Read_Endpoints 2-24
2025-11-06 22:11:36,092 INFO o.a.j.t.JMeterThread: Thread is done: 02_Read_Endpoints 2-20
2025-11-06 22:11:36,092 INFO o.a.j.t.JMeterThread: Thread finished: 02_Read_Endpoints 2-20
2025-11-06 22:11:36,193 INFO o.a.j.t.JMeterThread: Thread started: 02_Read_Endpoints 2-25
2025-11-06 22:11:36,426 INFO o.a.j.t.JMeterThread: Thread is done: 02_Read_Endpoints 2-21
2025-11-06 22:11:36,427 INFO o.a.j.t.JMeterThread: Thread finished: 02_Read_Endpoints 2-21
2025-11-06 22:11:36,493 INFO o.a.j.t.JMeterThread: Thread started: 02_Read_Endpoints 2-26
2025-11-06 22:11:36,749 INFO o.a.j.t.JMeterThread: Thread is done: 02_Read_Endpoints 2-22
2025-11-06 22:11:36,750 INFO o.a.j.t.JMeterThread: Thread finished: 02_Read_Endpoints 2-22
2025-11-06 22:11:36,793 INFO o.a.j.t.JMeterThread: Thread started: 02_Read_Endpoints 2-27
2025-11-06 22:11:37,023 INFO o.a.j.t.JMeterThread: Thread is done: 02_Read_Endpoints 2-23
2025-11-06 22:11:37,023 INFO o.a.j.t.JMeterThread: Thread finished: 02_Read_Endpoints 2-23
2025-11-06 22:11:37,093 INFO o.a.j.t.JMeterThread: Thread started: 02_Read_Endpoints 2-28
2025-11-06 22:11:37,295 INFO o.a.j.t.JMeterThread: Thread is done: 02_Read_Endpoints 2-24
2025-11-06 22:11:37,295 INFO o.a.j.t.JMeterThread: Thread finished: 02_Read_Endpoints 2-24
2025-11-06 22:11:37,394 INFO o.a.j.t.JMeterThread: Thread started: 02_Read_Endpoints 2-29
2025-11-06 22:11:37,611 INFO o.a.j.t.JMeterThread: Thread is done: 02_Read_Endpoints 2-25
2025-11-06 22:11:37,611 INFO o.a.j.t.JMeterThread: Thread finished: 02_Read_Endpoints 2-25
2025-11-06 22:11:37,692 INFO o.a.j.t.JMeterThread: Thread started: 02_Read_Endpoints 2-30
2025-11-06 22:11:37,937 INFO o.a.j.t.JMeterThread: Thread is done: 02_Read_Endpoints 2-26
2025-11-06 22:11:37,938 INFO o.a.j.t.JMeterThread: Thread finished: 02_Read_Endpoints 2-26
2025-11-06 22:11:37,993 INFO o.a.j.t.JMeterThread: Thread started: 02_Read_Endpoints 2-31
2025-11-06 22:11:38,218 INFO o.a.j.t.JMeterThread: Thread is done: 02_Read_Endpoints 2-27
2025-11-06 22:11:38,219 INFO o.a.j.t.JMeterThread: Thread finished: 02_Read_Endpoints 2-27
2025-11-06 22:11:38,293 INFO o.a.j.t.JMeterThread: Thread started: 02_Read_Endpoints 2-32
2025-11-06 22:11:38,594 INFO o.a.j.t.JMeterThread: Thread started: 02_Read_Endpoints 2-33
2025-11-06 22:11:38,597 INFO o.a.j.t.JMeterThread: Thread is done: 02_Read_Endpoints 2-28
2025-11-06 22:11:38,597 INFO o.a.j.t.JMeterThread: Thread finished: 02_Read_Endpoints 2-28
2025-11-06 22:11:38,799 INFO o.a.j.t.JMeterThread: Thread is done: 02_Read_Endpoints 2-29
2025-11-06 22:11:38,799 INFO o.a.j.t.JMeterThread: Thread finished: 02_Read_Endpoints 2-29
2025-11-06 22:11:38,893 INFO o.a.j.t.JMeterThread: Thread started: 02_Read_Endpoints 2-34
2025-11-06 22:11:39,117 INFO o.a.j.t.JMeterThread: Thread is done: 02_Read_Endpoints 2-30
2025-11-06 22:11:39,118 INFO o.a.j.t.JMeterThread: Thread finished: 02_Read_Endpoints 2-30
2025-11-06 22:11:39,192 INFO o.a.j.t.JMeterThread: Thread started: 02_Read_Endpoints 2-35
2025-11-06 22:11:39,416 INFO o.a.j.t.JMeterThread: Thread is done: 02_Read_Endpoints 2-31
2025-11-06 22:11:39,417 INFO o.a.j.t.JMeterThread: Thread finished: 02_Read_Endpoints 2-31
2025-11-06 22:11:39,492 INFO o.a.j.t.JMeterThread: Thread started: 02_Read_Endpoints 2-36
2025-11-06 22:11:39,707 INFO o.a.j.t.JMeterThread: Thread is done: 02_Read_Endpoints 2-32
2025-11-06 22:11:39,708 INFO o.a.j.t.JMeterThread: Thread finished: 02_Read_Endpoints 2-32
2025-11-06 22:11:39,792 INFO o.a.j.t.JMeterThread: Thread started: 02_Read_Endpoints 2-37
2025-11-06 22:11:40,030 INFO o.a.j.t.JMeterThread: Thread is done: 02_Read_Endpoints 2-33
2025-11-06 22:11:40,031 INFO o.a.j.t.JMeterThread: Thread finished: 02_Read_Endpoints 2-33
2025-11-06 22:11:40,092 INFO o.a.j.t.JMeterThread: Thread started: 02_Read_Endpoints 2-38
2025-11-06 22:11:40,269 INFO o.a.j.t.JMeterThread: Thread is done: 02_Read_Endpoints 2-34
2025-11-06 22:11:40,269 INFO o.a.j.t.JMeterThread: Thread finished: 02_Read_Endpoints 2-34
2025-11-06 22:11:40,392 INFO o.a.j.t.JMeterThread: Thread started: 02_Read_Endpoints 2-39
2025-11-06 22:11:40,504 INFO o.a.j.t.JMeterThread: Thread is done: 02_Read_Endpoints 2-35
2025-11-06 22:11:40,504 INFO o.a.j.t.JMeterThread: Thread finished: 02_Read_Endpoints 2-35
2025-11-06 22:11:40,693 INFO o.a.j.t.JMeterThread: Thread started: 02_Read_Endpoints 2-40
2025-11-06 22:11:40,934 INFO o.a.j.t.JMeterThread: Thread is done: 02_Read_Endpoints 2-36
2025-11-06 22:11:40,934 INFO o.a.j.t.JMeterThread: Thread finished: 02_Read_Endpoints 2-36
2025-11-06 22:11:40,993 INFO o.a.j.t.JMeterThread: Thread started: 02_Read_Endpoints 2-41
2025-11-06 22:11:41,157 INFO o.a.j.t.JMeterThread: Thread is done: 02_Read_Endpoints 2-37
2025-11-06 22:11:41,158 INFO o.a.j.t.JMeterThread: Thread finished: 02_Read_Endpoints 2-37
2025-11-06 22:11:41,294 INFO o.a.j.t.JMeterThread: Thread started: 02_Read_Endpoints 2-42
2025-11-06 22:11:41,441 INFO o.a.j.t.JMeterThread: Thread is done: 02_Read_Endpoints 2-38
2025-11-06 22:11:41,441 INFO o.a.j.t.JMeterThread: Thread finished: 02_Read_Endpoints 2-38
2025-11-06 22:11:41,593 INFO o.a.j.t.JMeterThread: Thread started: 02_Read_Endpoints 2-43
2025-11-06 22:11:41,877 INFO o.a.j.t.JMeterThread: Thread is done: 02_Read_Endpoints 2-39
2025-11-06 22:11:41,877 INFO o.a.j.t.JMeterThread: Thread finished: 02_Read_Endpoints 2-39
2025-11-06 22:11:41,894 INFO o.a.j.t.JMeterThread: Thread started: 02_Read_Endpoints 2-44
2025-11-06 22:11:42,060 INFO o.a.j.t.JMeterThread: Thread is done: 02_Read_Endpoints 2-40
2025-11-06 22:11:42,061 INFO o.a.j.t.JMeterThread: Thread finished: 02_Read_Endpoints 2-40
2025-11-06 22:11:42,193 INFO o.a.j.t.JMeterThread: Thread started: 02_Read_Endpoints 2-45
2025-11-06 22:11:42,477 INFO o.a.j.t.JMeterThread: Thread is done: 02_Read_Endpoints 2-41
2025-11-06 22:11:42,477 INFO o.a.j.t.JMeterThread: Thread finished: 02_Read_Endpoints 2-41
2025-11-06 22:11:42,493 INFO o.a.j.t.JMeterThread: Thread started: 02_Read_Endpoints 2-46
2025-11-06 22:11:42,731 INFO o.a.j.t.JMeterThread: Thread is done: 02_Read_Endpoints 2-42
2025-11-06 22:11:42,731 INFO o.a.j.t.JMeterThread: Thread finished: 02_Read_Endpoints 2-42
2025-11-06 22:11:42,793 INFO o.a.j.t.JMeterThread: Thread started: 02_Read_Endpoints 2-47
2025-11-06 22:11:43,008 INFO o.a.j.t.JMeterThread: Thread is done: 02_Read_Endpoints 2-43
2025-11-06 22:11:43,008 INFO o.a.j.t.JMeterThread: Thread finished: 02_Read_Endpoints 2-43
2025-11-06 22:11:43,093 INFO o.a.j.t.JMeterThread: Thread started: 02_Read_Endpoints 2-48
2025-11-06 22:11:43,314 INFO o.a.j.t.JMeterThread: Thread is done: 02_Read_Endpoints 2-44
2025-11-06 22:11:43,314 INFO o.a.j.t.JMeterThread: Thread finished: 02_Read_Endpoints 2-44
2025-11-06 22:11:43,394 INFO o.a.j.t.JMeterThread: Thread started: 02_Read_Endpoints 2-49
2025-11-06 22:11:43,601 INFO o.a.j.t.JMeterThread: Thread is done: 02_Read_Endpoints 2-45
2025-11-06 22:11:43,601 INFO o.a.j.t.JMeterThread: Thread finished: 02_Read_Endpoints 2-45
2025-11-06 22:11:43,693 INFO o.a.j.t.JMeterThread: Thread started: 02_Read_Endpoints 2-50
2025-11-06 22:11:43,915 INFO o.a.j.t.JMeterThread: Thread is done: 02_Read_Endpoints 2-46
2025-11-06 22:11:43,915 INFO o.a.j.t.JMeterThread: Thread finished: 02_Read_Endpoints 2-46
2025-11-06 22:11:43,993 INFO o.a.j.t.JMeterThread: Thread started: 02_Read_Endpoints 2-51
2025-11-06 22:11:44,293 INFO o.a.j.t.JMeterThread: Thread is done: 02_Read_Endpoints 2-47
2025-11-06 22:11:44,293 INFO o.a.j.t.JMeterThread: Thread finished: 02_Read_Endpoints 2-47
2025-11-06 22:11:44,295 INFO o.a.j.t.JMeterThread: Thread started: 02_Read_Endpoints 2-52
2025-11-06 22:11:44,546 INFO o.a.j.t.JMeterThread: Thread is done: 02_Read_Endpoints 2-48
2025-11-06 22:11:44,546 INFO o.a.j.t.JMeterThread: Thread finished: 02_Read_Endpoints 2-48
2025-11-06 22:11:44,592 INFO o.a.j.t.JMeterThread: Thread started: 02_Read_Endpoints 2-53
2025-11-06 22:11:44,756 INFO o.a.j.t.JMeterThread: Thread is done: 02_Read_Endpoints 2-49
2025-11-06 22:11:44,757 INFO o.a.j.t.JMeterThread: Thread finished: 02_Read_Endpoints 2-49
2025-11-06 22:11:44,892 INFO o.a.j.t.JMeterThread: Thread started: 02_Read_Endpoints 2-54
2025-11-06 22:11:45,121 INFO o.a.j.t.JMeterThread: Thread is done: 02_Read_Endpoints 2-50
2025-11-06 22:11:45,121 INFO o.a.j.t.JMeterThread: Thread finished: 02_Read_Endpoints 2-50
2025-11-06 22:11:45,193 INFO o.a.j.t.JMeterThread: Thread started: 02_Read_Endpoints 2-55
2025-11-06 22:11:45,362 INFO o.a.j.t.JMeterThread: Thread is done: 02_Read_Endpoints 2-51
2025-11-06 22:11:45,362 INFO o.a.j.t.JMeterThread: Thread finished: 02_Read_Endpoints 2-51
2025-11-06 22:11:45,495 INFO o.a.j.t.JMeterThread: Thread started: 02_Read_Endpoints 2-56
2025-11-06 22:11:45,728 INFO o.a.j.t.JMeterThread: Thread is done: 02_Read_Endpoints 2-52
2025-11-06 22:11:45,728 INFO o.a.j.t.JMeterThread: Thread finished: 02_Read_Endpoints 2-52
2025-11-06 22:11:45,792 INFO o.a.j.t.JMeterThread: Thread started: 02_Read_Endpoints 2-57
2025-11-06 22:11:46,005 INFO o.a.j.t.JMeterThread: Thread is done: 02_Read_Endpoints 2-53
2025-11-06 22:11:46,005 INFO o.a.j.t.JMeterThread: Thread finished: 02_Read_Endpoints 2-53
2025-11-06 22:11:46,092 INFO o.a.j.t.JMeterThread: Thread started: 02_Read_Endpoints 2-58
2025-11-06 22:11:46,318 INFO o.a.j.t.JMeterThread: Thread is done: 02_Read_Endpoints 2-54
2025-11-06 22:11:46,318 INFO o.a.j.t.JMeterThread: Thread finished: 02_Read_Endpoints 2-54
2025-11-06 22:11:46,392 INFO o.a.j.t.JMeterThread: Thread started: 02_Read_Endpoints 2-59
2025-11-06 22:11:46,616 INFO o.a.j.t.JMeterThread: Thread is done: 02_Read_Endpoints 2-55
2025-11-06 22:11:46,616 INFO o.a.j.t.JMeterThread: Thread finished: 02_Read_Endpoints 2-55
2025-11-06 22:11:46,692 INFO o.a.j.t.JMeterThread: Thread started: 02_Read_Endpoints 2-60
2025-11-06 22:11:46,836 INFO o.a.j.t.JMeterThread: Thread is done: 02_Read_Endpoints 2-56
2025-11-06 22:11:46,836 INFO o.a.j.t.JMeterThread: Thread finished: 02_Read_Endpoints 2-56
2025-11-06 22:11:46,993 INFO o.a.j.t.JMeterThread: Thread started: 02_Read_Endpoints 2-61
2025-11-06 22:11:47,285 INFO o.a.j.t.JMeterThread: Thread is done: 02_Read_Endpoints 2-57
2025-11-06 22:11:47,285 INFO o.a.j.t.JMeterThread: Thread finished: 02_Read_Endpoints 2-57
2025-11-06 22:11:47,293 INFO o.a.j.t.JMeterThread: Thread started: 02_Read_Endpoints 2-62
2025-11-06 22:11:47,593 INFO o.a.j.t.JMeterThread: Thread started: 02_Read_Endpoints 2-63
2025-11-06 22:11:47,646 INFO o.a.j.t.JMeterThread: Thread is done: 02_Read_Endpoints 2-58
2025-11-06 22:11:47,646 INFO o.a.j.t.JMeterThread: Thread finished: 02_Read_Endpoints 2-58
2025-11-06 22:11:47,755 INFO o.a.j.t.JMeterThread: Thread is done: 02_Read_Endpoints 2-59
2025-11-06 22:11:47,755 INFO o.a.j.t.JMeterThread: Thread finished: 02_Read_Endpoints 2-59
2025-11-06 22:11:47,893 INFO o.a.j.t.JMeterThread: Thread started: 02_Read_Endpoints 2-64
2025-11-06 22:11:48,150 INFO o.a.j.t.JMeterThread: Thread is done: 02_Read_Endpoints 2-60
2025-11-06 22:11:48,151 INFO o.a.j.t.JMeterThread: Thread finished: 02_Read_Endpoints 2-60
2025-11-06 22:11:48,196 INFO o.a.j.t.JMeterThread: Thread started: 02_Read_Endpoints 2-65
2025-11-06 22:11:48,484 INFO o.a.j.t.JMeterThread: Thread is done: 02_Read_Endpoints 2-61
2025-11-06 22:11:48,484 INFO o.a.j.t.JMeterThread: Thread finished: 02_Read_Endpoints 2-61
2025-11-06 22:11:48,493 INFO o.a.j.t.JMeterThread: Thread started: 02_Read_Endpoints 2-66
2025-11-06 22:11:48,643 INFO o.a.j.t.JMeterThread: Thread is done: 02_Read_Endpoints 2-62
2025-11-06 22:11:48,643 INFO o.a.j.t.JMeterThread: Thread finished: 02_Read_Endpoints 2-62
2025-11-06 22:11:48,793 INFO o.a.j.t.JMeterThread: Thread started: 02_Read_Endpoints 2-67
2025-11-06 22:11:49,002 INFO o.a.j.t.JMeterThread: Thread is done: 02_Read_Endpoints 2-63
2025-11-06 22:11:49,002 INFO o.a.j.t.JMeterThread: Thread finished: 02_Read_Endpoints 2-63
2025-11-06 22:11:49,095 INFO o.a.j.t.JMeterThread: Thread started: 02_Read_Endpoints 2-68
2025-11-06 22:11:49,395 INFO o.a.j.t.JMeterThread: Thread started: 02_Read_Endpoints 2-69
2025-11-06 22:11:49,443 INFO o.a.j.t.JMeterThread: Thread is done: 02_Read_Endpoints 2-64
2025-11-06 22:11:49,443 INFO o.a.j.t.JMeterThread: Thread finished: 02_Read_Endpoints 2-64
2025-11-06 22:11:49,635 INFO o.a.j.t.JMeterThread: Thread is done: 02_Read_Endpoints 2-65
2025-11-06 22:11:49,635 INFO o.a.j.t.JMeterThread: Thread finished: 02_Read_Endpoints 2-65
2025-11-06 22:11:49,695 INFO o.a.j.t.JMeterThread: Thread started: 02_Read_Endpoints 2-70
2025-11-06 22:11:49,861 INFO o.a.j.t.JMeterThread: Thread is done: 02_Read_Endpoints 2-66
2025-11-06 22:11:49,862 INFO o.a.j.t.JMeterThread: Thread finished: 02_Read_Endpoints 2-66
2025-11-06 22:11:49,996 INFO o.a.j.t.JMeterThread: Thread started: 02_Read_Endpoints 2-71
2025-11-06 22:11:50,264 INFO o.a.j.t.JMeterThread: Thread is done: 02_Read_Endpoints 2-67
2025-11-06 22:11:50,264 INFO o.a.j.t.JMeterThread: Thread finished: 02_Read_Endpoints 2-67
2025-11-06 22:11:50,293 INFO o.a.j.t.JMeterThread: Thread started: 02_Read_Endpoints 2-72
2025-11-06 22:11:50,584 INFO o.a.j.t.JMeterThread: Thread is done: 02_Read_Endpoints 2-68
2025-11-06 22:11:50,584 INFO o.a.j.t.JMeterThread: Thread finished: 02_Read_Endpoints 2-68
2025-11-06 22:11:50,593 INFO o.a.j.t.JMeterThread: Thread started: 02_Read_Endpoints 2-73
2025-11-06 22:11:50,793 INFO o.a.j.t.JMeterThread: Thread is done: 02_Read_Endpoints 2-69
2025-11-06 22:11:50,793 INFO o.a.j.t.JMeterThread: Thread finished: 02_Read_Endpoints 2-69
2025-11-06 22:11:50,893 INFO o.a.j.t.JMeterThread: Thread started: 02_Read_Endpoints 2-74
2025-11-06 22:11:51,143 INFO o.a.j.t.JMeterThread: Thread is done: 02_Read_Endpoints 2-70
2025-11-06 22:11:51,143 INFO o.a.j.t.JMeterThread: Thread finished: 02_Read_Endpoints 2-70
2025-11-06 22:11:51,193 INFO o.a.j.t.JMeterThread: Thread started: 02_Read_Endpoints 2-75
2025-11-06 22:11:51,409 INFO o.a.j.t.JMeterThread: Thread is done: 02_Read_Endpoints 2-71
2025-11-06 22:11:51,409 INFO o.a.j.t.JMeterThread: Thread finished: 02_Read_Endpoints 2-71
2025-11-06 22:11:51,494 INFO o.a.j.t.JMeterThread: Thread started: 02_Read_Endpoints 2-76
2025-11-06 22:11:51,718 INFO o.a.j.t.JMeterThread: Thread is done: 02_Read_Endpoints 2-72
2025-11-06 22:11:51,718 INFO o.a.j.t.JMeterThread: Thread finished: 02_Read_Endpoints 2-72
2025-11-06 22:11:51,794 INFO o.a.j.t.JMeterThread: Thread started: 02_Read_Endpoints 2-77
2025-11-06 22:11:52,044 INFO o.a.j.t.JMeterThread: Thread is done: 02_Read_Endpoints 2-73
2025-11-06 22:11:52,044 INFO o.a.j.t.JMeterThread: Thread finished: 02_Read_Endpoints 2-73
2025-11-06 22:11:52,093 INFO o.a.j.t.JMeterThread: Thread started: 02_Read_Endpoints 2-78
2025-11-06 22:11:52,263 INFO o.a.j.t.JMeterThread: Thread is done: 02_Read_Endpoints 2-74
2025-11-06 22:11:52,263 INFO o.a.j.t.JMeterThread: Thread finished: 02_Read_Endpoints 2-74
2025-11-06 22:11:52,393 INFO o.a.j.t.JMeterThread: Thread started: 02_Read_Endpoints 2-79
2025-11-06 22:11:52,552 INFO o.a.j.t.JMeterThread: Thread is done: 02_Read_Endpoints 2-75
2025-11-06 22:11:52,552 INFO o.a.j.t.JMeterThread: Thread finished: 02_Read_Endpoints 2-75
2025-11-06 22:11:52,693 INFO o.a.j.t.JMeterThread: Thread started: 02_Read_Endpoints 2-80
2025-11-06 22:11:52,909 INFO o.a.j.t.JMeterThread: Thread is done: 02_Read_Endpoints 2-76
2025-11-06 22:11:52,909 INFO o.a.j.t.JMeterThread: Thread finished: 02_Read_Endpoints 2-76
2025-11-06 22:11:52,992 INFO o.a.j.t.JMeterThread: Thread started: 02_Read_Endpoints 2-81
2025-11-06 22:11:53,197 INFO o.a.j.t.JMeterThread: Thread is done: 02_Read_Endpoints 2-77
2025-11-06 22:11:53,197 INFO o.a.j.t.JMeterThread: Thread finished: 02_Read_Endpoints 2-77
2025-11-06 22:11:53,292 INFO o.a.j.t.JMeterThread: Thread started: 02_Read_Endpoints 2-82
2025-11-06 22:11:53,552 INFO o.a.j.t.JMeterThread: Thread is done: 02_Read_Endpoints 2-78
2025-11-06 22:11:53,552 INFO o.a.j.t.JMeterThread: Thread finished: 02_Read_Endpoints 2-78
2025-11-06 22:11:53,593 INFO o.a.j.t.JMeterThread: Thread started: 02_Read_Endpoints 2-83
2025-11-06 22:11:53,775 INFO o.a.j.t.JMeterThread: Thread is done: 02_Read_Endpoints 2-79
2025-11-06 22:11:53,775 INFO o.a.j.t.JMeterThread: Thread finished: 02_Read_Endpoints 2-79
2025-11-06 22:11:53,892 INFO o.a.j.t.JMeterThread: Thread started: 02_Read_Endpoints 2-84
2025-11-06 22:11:54,136 INFO o.a.j.t.JMeterThread: Thread is done: 02_Read_Endpoints 2-80
2025-11-06 22:11:54,136 INFO o.a.j.t.JMeterThread: Thread finished: 02_Read_Endpoints 2-80
2025-11-06 22:11:54,193 INFO o.a.j.t.JMeterThread: Thread started: 02_Read_Endpoints 2-85
2025-11-06 22:11:54,437 INFO o.a.j.t.JMeterThread: Thread is done: 02_Read_Endpoints 2-81
2025-11-06 22:11:54,437 INFO o.a.j.t.JMeterThread: Thread finished: 02_Read_Endpoints 2-81
2025-11-06 22:11:54,493 INFO o.a.j.t.JMeterThread: Thread started: 02_Read_Endpoints 2-86
2025-11-06 22:11:54,708 INFO o.a.j.t.JMeterThread: Thread is done: 02_Read_Endpoints 2-82
2025-11-06 22:11:54,708 INFO o.a.j.t.JMeterThread: Thread finished: 02_Read_Endpoints 2-82
2025-11-06 22:11:54,792 INFO o.a.j.t.JMeterThread: Thread started: 02_Read_Endpoints 2-87
2025-11-06 22:11:55,044 INFO o.a.j.t.JMeterThread: Thread is done: 02_Read_Endpoints 2-83
2025-11-06 22:11:55,044 INFO o.a.j.t.JMeterThread: Thread finished: 02_Read_Endpoints 2-83
2025-11-06 22:11:55,093 INFO o.a.j.t.JMeterThread: Thread started: 02_Read_Endpoints 2-88
2025-11-06 22:11:55,374 INFO o.a.j.t.JMeterThread: Thread is done: 02_Read_Endpoints 2-84
2025-11-06 22:11:55,374 INFO o.a.j.t.JMeterThread: Thread finished: 02_Read_Endpoints 2-84
2025-11-06 22:11:55,394 INFO o.a.j.t.JMeterThread: Thread started: 02_Read_Endpoints 2-89
2025-11-06 22:11:55,679 INFO o.a.j.t.JMeterThread: Thread is done: 02_Read_Endpoints 2-85
2025-11-06 22:11:55,679 INFO o.a.j.t.JMeterThread: Thread finished: 02_Read_Endpoints 2-85
2025-11-06 22:11:55,695 INFO o.a.j.t.JMeterThread: Thread started: 02_Read_Endpoints 2-90
2025-11-06 22:11:55,890 INFO o.a.j.t.JMeterThread: Thread is done: 02_Read_Endpoints 2-86
2025-11-06 22:11:55,890 INFO o.a.j.t.JMeterThread: Thread finished: 02_Read_Endpoints 2-86
2025-11-06 22:11:55,994 INFO o.a.j.t.JMeterThread: Thread started: 02_Read_Endpoints 2-91
2025-11-06 22:11:56,282 INFO o.a.j.t.JMeterThread: Thread is done: 02_Read_Endpoints 2-87
2025-11-06 22:11:56,282 INFO o.a.j.t.JMeterThread: Thread finished: 02_Read_Endpoints 2-87
2025-11-06 22:11:56,295 INFO o.a.j.t.JMeterThread: Thread started: 02_Read_Endpoints 2-92
2025-11-06 22:11:56,445 INFO o.a.j.t.JMeterThread: Thread is done: 02_Read_Endpoints 2-88
2025-11-06 22:11:56,446 INFO o.a.j.t.JMeterThread: Thread finished: 02_Read_Endpoints 2-88
2025-11-06 22:11:56,594 INFO o.a.j.t.JMeterThread: Thread started: 02_Read_Endpoints 2-93
2025-11-06 22:11:56,733 INFO o.a.j.t.JMeterThread: Thread is done: 02_Read_Endpoints 2-89
2025-11-06 22:11:56,733 INFO o.a.j.t.JMeterThread: Thread finished: 02_Read_Endpoints 2-89
2025-11-06 22:11:56,894 INFO o.a.j.t.JMeterThread: Thread started: 02_Read_Endpoints 2-94
2025-11-06 22:11:57,106 INFO o.a.j.t.JMeterThread: Thread is done: 02_Read_Endpoints 2-90
2025-11-06 22:11:57,106 INFO o.a.j.t.JMeterThread: Thread finished: 02_Read_Endpoints 2-90
2025-11-06 22:11:57,194 INFO o.a.j.t.JMeterThread: Thread started: 02_Read_Endpoints 2-95
2025-11-06 22:11:57,384 INFO o.a.j.t.JMeterThread: Thread is done: 02_Read_Endpoints 2-91
2025-11-06 22:11:57,385 INFO o.a.j.t.JMeterThread: Thread finished: 02_Read_Endpoints 2-91
2025-11-06 22:11:57,494 INFO o.a.j.t.JMeterThread: Thread started: 02_Read_Endpoints 2-96
2025-11-06 22:11:57,697 INFO o.a.j.t.JMeterThread: Thread is done: 02_Read_Endpoints 2-92
2025-11-06 22:11:57,697 INFO o.a.j.t.JMeterThread: Thread finished: 02_Read_Endpoints 2-92
2025-11-06 22:11:57,793 INFO o.a.j.t.JMeterThread: Thread started: 02_Read_Endpoints 2-97
2025-11-06 22:11:58,097 INFO o.a.j.t.JMeterThread: Thread started: 02_Read_Endpoints 2-98
2025-11-06 22:11:58,102 INFO o.a.j.t.JMeterThread: Thread is done: 02_Read_Endpoints 2-93
2025-11-06 22:11:58,102 INFO o.a.j.t.JMeterThread: Thread finished: 02_Read_Endpoints 2-93
2025-11-06 22:11:58,295 INFO o.a.j.t.JMeterThread: Thread is done: 02_Read_Endpoints 2-94
2025-11-06 22:11:58,295 INFO o.a.j.t.JMeterThread: Thread finished: 02_Read_Endpoints 2-94
2025-11-06 22:11:58,393 INFO o.a.j.t.JMeterThread: Thread started: 02_Read_Endpoints 2-99
2025-11-06 22:11:58,693 INFO o.a.j.t.JMeterThread: Thread started: 02_Read_Endpoints 2-100
2025-11-06 22:11:58,709 INFO o.a.j.t.JMeterThread: Thread is done: 02_Read_Endpoints 2-95
2025-11-06 22:11:58,711 INFO o.a.j.t.JMeterThread: Thread finished: 02_Read_Endpoints 2-95
2025-11-06 22:11:58,978 INFO o.a.j.t.JMeterThread: Thread is done: 02_Read_Endpoints 2-96
2025-11-06 22:11:58,978 INFO o.a.j.t.JMeterThread: Thread finished: 02_Read_Endpoints 2-96
2025-11-06 22:11:59,159 INFO o.a.j.t.JMeterThread: Thread is done: 02_Read_Endpoints 2-97
2025-11-06 22:11:59,159 INFO o.a.j.t.JMeterThread: Thread finished: 02_Read_Endpoints 2-97
2025-11-06 22:11:59,513 INFO o.a.j.t.JMeterThread: Thread is done: 02_Read_Endpoints 2-98
2025-11-06 22:11:59,513 INFO o.a.j.t.JMeterThread: Thread finished: 02_Read_Endpoints 2-98
2025-11-06 22:11:59,835 INFO o.a.j.t.JMeterThread: Thread is done: 02_Read_Endpoints 2-99
2025-11-06 22:11:59,835 INFO o.a.j.t.JMeterThread: Thread finished: 02_Read_Endpoints 2-99
2025-11-06 22:12:00,175 INFO o.a.j.r.Summariser: summary +    296 in 00:00:30 =    9.8/s Avg:    23 Min:     6 Max:    99 Err:     0 (0.00%) Active: 1 Started: 102 Finished: 101
2025-11-06 22:12:00,175 INFO o.a.j.r.Summariser: summary =    302 in 00:01:16 =    4.0/s Avg:    23 Min:     6 Max:    99 Err:     0 (0.00%)
2025-11-06 22:12:00,175 INFO o.a.j.t.JMeterThread: Thread is done: 02_Read_Endpoints 2-100
2025-11-06 22:12:00,175 INFO o.a.j.t.JMeterThread: Thread finished: 02_Read_Endpoints 2-100
2025-11-06 22:12:00,176 INFO o.a.j.e.StandardJMeterEngine: Starting ThreadGroup: 3 : 03_Write_Synchronous
2025-11-06 22:12:00,176 INFO o.a.j.e.StandardJMeterEngine: Starting 20 threads for group 03_Write_Synchronous.
2025-11-06 22:12:00,176 INFO o.a.j.e.StandardJMeterEngine: Thread will continue on error
2025-11-06 22:12:00,176 INFO o.a.j.t.ThreadGroup: Starting thread group... number=3 threads=20 ramp-up=30 delayedStart=false
2025-11-06 22:12:00,186 INFO o.a.j.t.ThreadGroup: Started thread group number 3
2025-11-06 22:12:00,187 INFO o.a.j.e.StandardJMeterEngine: All thread groups have been started
2025-11-06 22:13:00,179 INFO o.a.j.t.JMeterThread: Thread started: 03_Write_Synchronous 3-1
2025-11-06 22:13:00,268 INFO o.a.j.r.Summariser: summary +      1 in 00:01:00 =    0.0/s Avg:    86 Min:    86 Max:    86 Err:     0 (0.00%) Active: 1 Started: 103 Finished: 102
2025-11-06 22:13:00,272 INFO o.a.j.r.Summariser: summary =    303 in 00:02:16 =    2.2/s Avg:    23 Min:     6 Max:    99 Err:     0 (0.00%)
2025-11-06 22:13:00,273 INFO o.a.j.t.JMeterThread: Thread is done: 03_Write_Synchronous 3-1
2025-11-06 22:13:00,273 INFO o.a.j.t.JMeterThread: Thread finished: 03_Write_Synchronous 3-1
2025-11-06 22:13:01,687 INFO o.a.j.t.JMeterThread: Thread started: 03_Write_Synchronous 3-2
2025-11-06 22:13:01,711 INFO o.a.j.t.JMeterThread: Thread is done: 03_Write_Synchronous 3-2
2025-11-06 22:13:01,711 INFO o.a.j.t.JMeterThread: Thread finished: 03_Write_Synchronous 3-2
2025-11-06 22:13:03,177 INFO o.a.j.t.JMeterThread: Thread started: 03_Write_Synchronous 3-3
2025-11-06 22:13:03,199 INFO o.a.j.t.JMeterThread: Thread is done: 03_Write_Synchronous 3-3
2025-11-06 22:13:03,199 INFO o.a.j.t.JMeterThread: Thread finished: 03_Write_Synchronous 3-3
2025-11-06 22:13:04,682 INFO o.a.j.t.JMeterThread: Thread started: 03_Write_Synchronous 3-4
2025-11-06 22:13:04,695 INFO o.a.j.t.JMeterThread: Thread is done: 03_Write_Synchronous 3-4
2025-11-06 22:13:04,696 INFO o.a.j.t.JMeterThread: Thread finished: 03_Write_Synchronous 3-4
2025-11-06 22:13:06,187 INFO o.a.j.t.JMeterThread: Thread started: 03_Write_Synchronous 3-5
2025-11-06 22:13:06,206 INFO o.a.j.t.JMeterThread: Thread is done: 03_Write_Synchronous 3-5
2025-11-06 22:13:06,207 INFO o.a.j.t.JMeterThread: Thread finished: 03_Write_Synchronous 3-5
2025-11-06 22:13:07,676 INFO o.a.j.t.JMeterThread: Thread started: 03_Write_Synchronous 3-6
2025-11-06 22:13:07,696 INFO o.a.j.t.JMeterThread: Thread is done: 03_Write_Synchronous 3-6
2025-11-06 22:13:07,696 INFO o.a.j.t.JMeterThread: Thread finished: 03_Write_Synchronous 3-6
2025-11-06 22:13:09,213 INFO o.a.j.t.JMeterThread: Thread started: 03_Write_Synchronous 3-7
2025-11-06 22:13:09,230 INFO o.a.j.t.JMeterThread: Thread is done: 03_Write_Synchronous 3-7
2025-11-06 22:13:09,230 INFO o.a.j.t.JMeterThread: Thread finished: 03_Write_Synchronous 3-7
2025-11-06 22:13:10,705 INFO o.a.j.t.JMeterThread: Thread started: 03_Write_Synchronous 3-8
2025-11-06 22:13:10,723 INFO o.a.j.t.JMeterThread: Thread is done: 03_Write_Synchronous 3-8
2025-11-06 22:13:10,723 INFO o.a.j.t.JMeterThread: Thread finished: 03_Write_Synchronous 3-8
2025-11-06 22:13:12,198 INFO o.a.j.t.JMeterThread: Thread started: 03_Write_Synchronous 3-9
2025-11-06 22:13:12,219 INFO o.a.j.t.JMeterThread: Thread is done: 03_Write_Synchronous 3-9
2025-11-06 22:13:12,219 INFO o.a.j.t.JMeterThread: Thread finished: 03_Write_Synchronous 3-9
2025-11-06 22:13:13,704 INFO o.a.j.t.JMeterThread: Thread started: 03_Write_Synchronous 3-10
2025-11-06 22:13:13,733 INFO o.a.j.t.JMeterThread: Thread is done: 03_Write_Synchronous 3-10
2025-11-06 22:13:13,733 INFO o.a.j.t.JMeterThread: Thread finished: 03_Write_Synchronous 3-10
2025-11-06 22:13:15,201 INFO o.a.j.t.JMeterThread: Thread started: 03_Write_Synchronous 3-11
2025-11-06 22:13:15,225 INFO o.a.j.t.JMeterThread: Thread is done: 03_Write_Synchronous 3-11
2025-11-06 22:13:15,225 INFO o.a.j.t.JMeterThread: Thread finished: 03_Write_Synchronous 3-11
2025-11-06 22:13:16,707 INFO o.a.j.t.JMeterThread: Thread started: 03_Write_Synchronous 3-12
2025-11-06 22:13:16,750 INFO o.a.j.t.JMeterThread: Thread is done: 03_Write_Synchronous 3-12
2025-11-06 22:13:16,750 INFO o.a.j.t.JMeterThread: Thread finished: 03_Write_Synchronous 3-12
2025-11-06 22:13:18,214 INFO o.a.j.t.JMeterThread: Thread started: 03_Write_Synchronous 3-13
2025-11-06 22:13:18,252 INFO o.a.j.t.JMeterThread: Thread is done: 03_Write_Synchronous 3-13
2025-11-06 22:13:18,252 INFO o.a.j.t.JMeterThread: Thread finished: 03_Write_Synchronous 3-13
2025-11-06 22:13:19,705 INFO o.a.j.t.JMeterThread: Thread started: 03_Write_Synchronous 3-14
2025-11-06 22:13:19,728 INFO o.a.j.t.JMeterThread: Thread is done: 03_Write_Synchronous 3-14
2025-11-06 22:13:19,728 INFO o.a.j.t.JMeterThread: Thread finished: 03_Write_Synchronous 3-14
2025-11-06 22:13:21,200 INFO o.a.j.t.JMeterThread: Thread started: 03_Write_Synchronous 3-15
2025-11-06 22:13:21,222 INFO o.a.j.t.JMeterThread: Thread is done: 03_Write_Synchronous 3-15
2025-11-06 22:13:21,222 INFO o.a.j.t.JMeterThread: Thread finished: 03_Write_Synchronous 3-15
2025-11-06 22:13:22,707 INFO o.a.j.t.JMeterThread: Thread started: 03_Write_Synchronous 3-16
2025-11-06 22:13:22,732 INFO o.a.j.t.JMeterThread: Thread is done: 03_Write_Synchronous 3-16
2025-11-06 22:13:22,732 INFO o.a.j.t.JMeterThread: Thread finished: 03_Write_Synchronous 3-16
2025-11-06 22:13:24,204 INFO o.a.j.t.JMeterThread: Thread started: 03_Write_Synchronous 3-17
2025-11-06 22:13:24,222 INFO o.a.j.t.JMeterThread: Thread is done: 03_Write_Synchronous 3-17
2025-11-06 22:13:24,223 INFO o.a.j.t.JMeterThread: Thread finished: 03_Write_Synchronous 3-17
2025-11-06 22:13:25,711 INFO o.a.j.t.JMeterThread: Thread started: 03_Write_Synchronous 3-18
2025-11-06 22:13:25,743 INFO o.a.j.t.JMeterThread: Thread is done: 03_Write_Synchronous 3-18
2025-11-06 22:13:25,744 INFO o.a.j.t.JMeterThread: Thread finished: 03_Write_Synchronous 3-18
2025-11-06 22:13:27,203 INFO o.a.j.t.JMeterThread: Thread started: 03_Write_Synchronous 3-19
2025-11-06 22:13:27,229 INFO o.a.j.t.JMeterThread: Thread is done: 03_Write_Synchronous 3-19
2025-11-06 22:13:27,229 INFO o.a.j.t.JMeterThread: Thread finished: 03_Write_Synchronous 3-19
2025-11-06 22:13:28,706 INFO o.a.j.t.JMeterThread: Thread started: 03_Write_Synchronous 3-20
2025-11-06 22:13:28,730 INFO o.a.j.t.JMeterThread: Thread is done: 03_Write_Synchronous 3-20
2025-11-06 22:13:28,731 INFO o.a.j.t.JMeterThread: Thread finished: 03_Write_Synchronous 3-20
2025-11-06 22:13:28,734 INFO o.a.j.e.StandardJMeterEngine: Notifying test listeners of end of test
2025-11-06 22:13:28,734 INFO o.a.j.s.FileServer: Close: C:/Users/quang/OneDrive/Documents/duan/Soft_Archi/VolunteerHub2/test/post.csv
2025-11-06 22:13:28,765 INFO o.a.j.r.Summariser: summary +     19 in 00:00:28 =    0.7/s Avg:    20 Min:    12 Max:    36 Err:     0 (0.00%) Active: 0 Started: 122 Finished: 122
2025-11-06 22:13:28,767 INFO o.a.j.r.Summariser: summary =    322 in 00:02:45 =    2.0/s Avg:    23 Min:     6 Max:    99 Err:     0 (0.00%)
2025-11-06 22:13:28,769 INFO o.a.j.JMeter: Generating Dashboard
2025-11-06 22:13:28,769 INFO o.a.j.r.d.ReportGenerator: Flushing result collector before report Generation
2025-11-06 22:13:28,803 INFO o.a.j.r.p.NormalizerSampleConsumer: Using format, 'ms', to parse timeStamp field
2025-11-06 22:13:29,270 INFO o.a.j.r.p.AbstractSampleConsumer: class org.apache.jmeter.report.processor.AggregateConsumer#stopProducing(): beginDate produced 0 samples
2025-11-06 22:13:29,270 INFO o.a.j.r.p.AbstractSampleConsumer: class org.apache.jmeter.report.processor.AggregateConsumer#stopProducing(): endDate produced 0 samples
2025-11-06 22:13:29,281 INFO o.a.j.r.p.AbstractSampleConsumer: class org.apache.jmeter.report.processor.ApdexSummaryConsumer#stopProducing(): apdexSummary produced 0 samples
2025-11-06 22:13:29,283 INFO o.a.j.r.p.AbstractSampleConsumer: class org.apache.jmeter.report.processor.RequestsSummaryConsumer#stopProducing(): requestsSummary produced 0 samples
2025-11-06 22:13:29,298 INFO o.a.j.r.p.AbstractSampleConsumer: class org.apache.jmeter.report.processor.StatisticsSummaryConsumer#stopProducing(): statisticsSummary produced 0 samples
2025-11-06 22:13:29,301 INFO o.a.j.r.p.AbstractSampleConsumer: class org.apache.jmeter.report.processor.Top5ErrorsBySamplerConsumer#stopProducing(): top5ErrorsBySampler produced 0 samples
2025-11-06 22:13:29,301 INFO o.a.j.r.p.AbstractSampleConsumer: class org.apache.jmeter.report.processor.ErrorsSummaryConsumer#stopProducing(): errorsSummary produced 0 samples
2025-11-06 22:13:29,301 INFO o.a.j.r.p.AbstractSampleConsumer: class org.apache.jmeter.report.processor.graph.impl.HitsPerSecondGraphConsumer#stopProducing(): hitsPerSecond produced 0 samples
2025-11-06 22:13:29,377 INFO o.a.j.r.p.AbstractSampleConsumer: class org.apache.jmeter.report.processor.graph.impl.LatencyVSRequestGraphConsumer#stopProducing(): latencyVsRequest produced 0 samples
2025-11-06 22:13:29,379 INFO o.a.j.r.p.AbstractSampleConsumer: class org.apache.jmeter.report.processor.graph.impl.SyntheticResponseTimeDistributionGraphConsumer#stopProducing(): syntheticResponseTimeDistribution produced 0 samples
2025-11-06 22:13:29,381 INFO o.a.j.r.p.AbstractSampleConsumer: class org.apache.jmeter.report.processor.graph.impl.BytesThroughputGraphConsumer#stopProducing(): bytesThroughputOverTime produced 0 samples
2025-11-06 22:13:29,381 INFO o.a.j.r.p.AbstractSampleConsumer: class org.apache.jmeter.report.processor.graph.impl.CodesPerSecondGraphConsumer#stopProducing(): codesPerSecond produced 0 samples
2025-11-06 22:13:29,417 INFO o.a.j.r.p.AbstractSampleConsumer: class org.apache.jmeter.report.processor.graph.impl.ResponseTimeVSRequestGraphConsumer#stopProducing(): responseTimeVsRequest produced 0 samples
2025-11-06 22:13:29,422 INFO o.a.j.r.p.AbstractSampleConsumer: class org.apache.jmeter.report.processor.FilterConsumer#stopProducing(): startIntervalControlerFilter produced 2254 samples
2025-11-06 22:13:29,422 INFO o.a.j.r.p.AbstractSampleConsumer: class org.apache.jmeter.report.processor.graph.impl.TotalTPSGraphConsumer#stopProducing(): totalTPS produced 0 samples
2025-11-06 22:13:29,422 INFO o.a.j.r.p.AbstractSampleConsumer: class org.apache.jmeter.report.processor.graph.impl.ActiveThreadsGraphConsumer#stopProducing(): activeThreadsOverTime produced 0 samples
2025-11-06 22:13:29,426 INFO o.a.j.r.p.AbstractSampleConsumer: class org.apache.jmeter.report.processor.graph.impl.TimeVSThreadGraphConsumer#stopProducing(): timeVsThreads produced 0 samples
2025-11-06 22:13:29,426 INFO o.a.j.r.p.AbstractSampleConsumer: class org.apache.jmeter.report.processor.graph.impl.ResponseTimeDistributionGraphConsumer#stopProducing(): responseTimeDistribution produced 0 samples
2025-11-06 22:13:29,426 INFO o.a.j.r.p.AbstractSampleConsumer: class org.apache.jmeter.report.processor.graph.impl.TransactionsPerSecondGraphConsumer#stopProducing(): transactionsPerSecond produced 0 samples
2025-11-06 22:13:29,428 INFO o.a.j.r.p.AbstractSampleConsumer: class org.apache.jmeter.report.processor.graph.impl.ResponseTimePercentilesGraphConsumer#stopProducing(): responseTimePercentiles produced 0 samples
2025-11-06 22:13:29,433 INFO o.a.j.r.p.AbstractSampleConsumer: class org.apache.jmeter.report.processor.graph.impl.ResponseTimePercentilesOverTimeGraphConsumer#stopProducing(): responseTimePercentilesOverTime produced 0 samples
2025-11-06 22:13:29,433 INFO o.a.j.r.p.AbstractSampleConsumer: class org.apache.jmeter.report.processor.graph.impl.ResponseTimeOverTimeGraphConsumer#stopProducing(): responseTimesOverTime produced 0 samples
2025-11-06 22:13:29,435 INFO o.a.j.r.p.AbstractSampleConsumer: class org.apache.jmeter.report.processor.graph.impl.ConnectTimeOverTimeGraphConsumer#stopProducing(): connectTimeOverTime produced 0 samples
2025-11-06 22:13:29,435 INFO o.a.j.r.p.AbstractSampleConsumer: class org.apache.jmeter.report.processor.graph.impl.LatencyOverTimeGraphConsumer#stopProducing(): latenciesOverTime produced 0 samples
2025-11-06 22:13:29,435 INFO o.a.j.r.p.AbstractSampleConsumer: class org.apache.jmeter.report.processor.FilterConsumer#stopProducing(): nameFilter produced 4830 samples
2025-11-06 22:13:29,435 INFO o.a.j.r.p.AbstractSampleConsumer: class org.apache.jmeter.report.processor.FilterConsumer#stopProducing(): dateRangeFilter produced 966 samples
2025-11-06 22:13:29,435 INFO o.a.j.r.p.AbstractSampleConsumer: class org.apache.jmeter.report.processor.NormalizerSampleConsumer#stopProducing(): normalizer produced 322 samples
2025-11-06 22:13:29,435 INFO o.a.j.r.p.CsvFileSampleSource: produce(): 322 samples produced in 533ms on channel 0
2025-11-06 22:13:29,435 INFO o.a.j.r.d.ReportGenerator: Exporting data using exporter:'json' of className:'org.apache.jmeter.report.dashboard.JsonExporter'
2025-11-06 22:13:29,744 INFO o.a.j.r.d.JsonExporter: Found data for consumer statisticsSummaryin context
2025-11-06 22:13:29,744 INFO o.a.j.r.d.JsonExporter: Creating statistics for overall
2025-11-06 22:13:29,744 INFO o.a.j.r.d.JsonExporter: Creating statistics for other transactions
2025-11-06 22:13:29,744 INFO o.a.j.r.d.JsonExporter: Checking output folder
2025-11-06 22:13:29,749 INFO o.a.j.r.d.JsonExporter: Writing statistics JSON to C:\Users\quang\OneDrive\Documents\duan\Soft_Archi\VolunteerHub2\results\baseline-report\statistics.json
2025-11-06 22:13:29,892 INFO o.a.j.r.d.ReportGenerator: Exporting data using exporter:'html' of className:'org.apache.jmeter.report.dashboard.HtmlTemplateExporter'
2025-11-06 22:13:29,902 INFO o.a.j.r.d.HtmlTemplateExporter: Will generate dashboard in folder: C:\Users\quang\OneDrive\Documents\duan\Soft_Archi\VolunteerHub2\results\baseline-report
2025-11-06 22:13:30,406 INFO o.a.j.r.d.HtmlTemplateExporter: Report will be generated in: C:\Users\quang\OneDrive\Documents\duan\Soft_Archi\VolunteerHub2\results\baseline-report, creating folder structure
2025-11-06 22:13:30,435 INFO o.a.j.r.d.TemplateVisitor: Copying folder from 'C:\Users\quang\Downloads\apache-jmeter-5.6.3\apache-jmeter-5.6.3\bin\report-template' to 'C:\Users\quang\OneDrive\Documents\duan\Soft_Archi\VolunteerHub2\results\baseline-report', got message: C:\Users\quang\OneDrive\Documents\duan\Soft_Archi\VolunteerHub2\results\baseline-report, found non empty folder with following content [C:\Users\quang\OneDrive\Documents\duan\Soft_Archi\VolunteerHub2\results\baseline-report\statistics.json], will be ignored
2025-11-06 22:13:33,029 INFO o.a.j.JMeter: Dashboard generated
